Task-targeted curriculum smoke test passed.
Importing module 'gym_38' (/home/jq/repos/project-extreme-parkour/extreme-parkour/isaacgym/python/isaacgym/_bindings/linux-x86_64/gym_38.so)
Setting GYM_USD_PLUG_INFO_PATH to /home/jq/repos/project-extreme-parkour/extreme-parkour/isaacgym/python/isaacgym/_bindings/linux-x86_64/usd/plugInfo.json
PyTorch version 2.4.1+cu121
Device count 1
/home/jq/repos/project-extreme-parkour/extreme-parkour/isaacgym/python/isaacgym/_bindings/src/gymtorch
Using /home/jq/.cache/torch_extensions/py38_cu121 as PyTorch extensions root...
Emitting ninja build file /home/jq/.cache/torch_extensions/py38_cu121/gymtorch/build.ninja...
Building extension module gymtorch...
Allowing ninja to set a default number of workers... (overridable by setting the environment variable MAX_JOBS=N)
ninja: no work to do.
Not connected to PVD
+++ Using GPU PhysX
Physics Engine: PhysX
Physics Device: cuda:0
GPU Pipeline: enabled
Loading extension module gymtorch...
Setting seed: 1
********************************************************************************
Start creating ground...
Converting heightmap to trimesh...
Created 1361600 vertices
Created 2718402 triangles
Adding trimesh to simulation...
Trimesh added
Finished creating ground. Time taken 3.27 s
********************************************************************************
Creating env...
  0%|          | 0/8 [00:00<?, ?it/s]100%|██████████| 8/8 [00:00<00:00, 816.45it/s]
/home/jq/miniconda3/envs/parkour/lib/python3.8/site-packages/torch/functional.py:513: UserWarning: torch.meshgrid: in an upcoming release, it will be required to pass the indexing argument. (Triggered internally at ../aten/src/ATen/native/TensorShape.cpp:3609.)
  return _VF.meshgrid(tensors, **kwargs)  # type: ignore[attr-defined]
'train_cfg' provided -> Ignoring 'name=a1'
Using MLP and Priviliged Env encoder ActorCritic structure
ActorCritic.__init__ got unexpected arguments, which will be ignored: ['continue_from_last_std', 'priv_encoder_dims', 'rnn_hidden_size', 'rnn_num_layers', 'rnn_type', 'tanh_encoder_output']
Updating dagger...
################################################################################
                        [1m Learning iteration 0/1 [0m                        

                       Computation: 311 steps/s (collection: 0.127s, learning 0.078s)
               Value function loss: 0.0019
                    Surrogate loss: -0.0060
                Discriminator loss: 0.0000
            Discriminator accuracy: 0.0000
             Mean action noise std: 1.00
               Mean reward (total): 0.00
                Mean reward (task): 0.00
         Mean reward (exploration): 0.00
             Mean reward (entropy): 0.00
               Mean episode length: 6.29
--------------------------------------------------------------------------------
      Mean episode rew_action_rate: -0.1177
       Mean episode rew_ang_vel_xy: -0.3432
        Mean episode rew_collision: 0.0000
    Mean episode rew_delta_torques: -0.0000
          Mean episode rew_dof_acc: -0.2061
        Mean episode rew_dof_error: -0.0100
        Mean episode rew_feet_edge: 0.0000
     Mean episode rew_feet_stumble: 0.0000
          Mean episode rew_hip_pos: -0.0477
        Mean episode rew_lin_vel_z: -0.0908
      Mean episode rew_orientation: -0.0105
          Mean episode rew_torques: -0.0015
Mean episode rew_tracking_goal_vel: -0.0380
     Mean episode rew_tracking_yaw: 0.1443
        Mean episode terrain_level: 0.0000
   Mean episode terrain_task_level: 0.0000
Mean episode terrain_task_success_rate: 0.0000
Mean episode terrain_task_15_level: 0.0000
Mean episode terrain_task_15_success_rate: 0.0000
Mean episode terrain_task_15_samples: 1.3750
Mean episode terrain_task_15_new_samples: 0.0000
Mean episode terrain_task_16_level: 0.0000
Mean episode terrain_task_16_success_rate: 0.0000
Mean episode terrain_task_16_samples: 1.1250
Mean episode terrain_task_16_new_samples: 0.0000
Mean episode terrain_task_17_level: 0.0000
Mean episode terrain_task_17_success_rate: 0.0000
Mean episode terrain_task_17_samples: 1.5000
Mean episode terrain_task_17_new_samples: 0.0000
Mean episode terrain_task_19_level: 0.0000
Mean episode terrain_task_19_success_rate: 0.0000
Mean episode terrain_task_19_samples: 1.2500
Mean episode terrain_task_19_new_samples: 0.0000
Mean episode terrain_task_20_level: 0.0000
Mean episode terrain_task_20_success_rate: 0.0000
Mean episode terrain_task_20_samples: 1.3750
Mean episode terrain_task_20_new_samples: 0.0000
Mean episode terrain_task_22_level: 0.0000
Mean episode terrain_task_22_success_rate: 0.0000
Mean episode terrain_task_22_samples: 1.3750
Mean episode terrain_task_22_new_samples: 0.0000
Mean episode terrain_task_23_level: 0.0000
Mean episode terrain_task_23_success_rate: 0.0000
Mean episode terrain_task_23_samples: 1.0000
Mean episode terrain_task_23_new_samples: 0.0000
Mean episode terrain_task_24_level: 0.0000
Mean episode terrain_task_24_success_rate: 0.0000
Mean episode terrain_task_24_samples: 1.3750
Mean episode terrain_task_24_new_samples: 0.0000
--------------------------------------------------------------------------------
                   Total timesteps: 64
                    Iteration time: 0.21s
                        Total time: 0.21s
                               ETA: 0 mins 0.2 s

Full IsaacGym/PPO smoke test passed.
Log dir: /home/jq/repos/project-extreme-parkour/extreme-parkour/legged_gym/logs/parkour_ttc_smoke/ttc-smoke-20260523-190355
