Task-targeted curriculum smoke test passed.
Importing module 'gym_38' (/home/jq/repos/project-extreme-parkour/extreme-parkour/isaacgym/python/isaacgym/_bindings/linux-x86_64/gym_38.so)
Setting GYM_USD_PLUG_INFO_PATH to /home/jq/repos/project-extreme-parkour/extreme-parkour/isaacgym/python/isaacgym/_bindings/linux-x86_64/usd/plugInfo.json
PyTorch version 2.4.1+cu121
Device count 1
/home/jq/repos/project-extreme-parkour/extreme-parkour/isaacgym/python/isaacgym/_bindings/src/gymtorch
Using /home/jq/.cache/torch_extensions/py38_cu121 as PyTorch extensions root...
Emitting ninja build file /home/jq/.cache/torch_extensions/py38_cu121/gymtorch/build.ninja...
Building extension module gymtorch...
Allowing ninja to set a default number of workers... (overridable by setting the environment variable MAX_JOBS=N)
ninja: no work to do.
Not connected to PVD
+++ Using GPU PhysX
Physics Engine: PhysX
Physics Device: cuda:0
GPU Pipeline: enabled
Loading extension module gymtorch...
Setting seed: 1
********************************************************************************
Start creating ground...
Converting heightmap to trimesh...
Created 1361600 vertices
Created 2718402 triangles
Adding trimesh to simulation...
Trimesh added
Finished creating ground. Time taken 3.62 s
********************************************************************************
Creating env...
  0%|          | 0/8 [00:00<?, ?it/s]100%|██████████| 8/8 [00:00<00:00, 719.23it/s]
/home/jq/miniconda3/envs/parkour/lib/python3.8/site-packages/torch/functional.py:513: UserWarning: torch.meshgrid: in an upcoming release, it will be required to pass the indexing argument. (Triggered internally at ../aten/src/ATen/native/TensorShape.cpp:3609.)
  return _VF.meshgrid(tensors, **kwargs)  # type: ignore[attr-defined]
Traceback (most recent call last):
  File "legged_gym/legged_gym/scripts/smoke_train_ttc.py", line 76, in <module>
    main()
  File "legged_gym/legged_gym/scripts/smoke_train_ttc.py", line 58, in main
    env, _ = task_registry.make_env(name=args.task, args=args, env_cfg=env_cfg)
  File "/home/jq/repos/project-extreme-parkour/extreme-parkour/legged_gym/legged_gym/utils/task_registry.py", line 98, in make_env
    env = task_class(   cfg=env_cfg,
  File "/home/jq/repos/project-extreme-parkour/extreme-parkour/legged_gym/legged_gym/envs/base/legged_robot.py", line 113, in __init__
    self.post_physics_step()
  File "/home/jq/repos/project-extreme-parkour/extreme-parkour/legged_gym/legged_gym/envs/base/legged_robot.py", line 267, in post_physics_step
    self.compute_observations() # in some cases a simulation step might be required to refresh some obs (for example body positions)
  File "/home/jq/repos/project-extreme-parkour/extreme-parkour/legged_gym/legged_gym/envs/base/legged_robot.py", line 422, in compute_observations
    self.friction_coeffs_tensor,
AttributeError: 'LeggedRobot' object has no attribute 'friction_coeffs_tensor'
