Task-targeted curriculum smoke test passed.
Importing module 'gym_38' (/home/jq/repos/project-extreme-parkour/extreme-parkour/isaacgym/python/isaacgym/_bindings/linux-x86_64/gym_38.so)
Setting GYM_USD_PLUG_INFO_PATH to /home/jq/repos/project-extreme-parkour/extreme-parkour/isaacgym/python/isaacgym/_bindings/linux-x86_64/usd/plugInfo.json
PyTorch version 2.4.1+cu121
Device count 1
/home/jq/repos/project-extreme-parkour/extreme-parkour/isaacgym/python/isaacgym/_bindings/src/gymtorch
Using /home/jq/.cache/torch_extensions/py38_cu121 as PyTorch extensions root...
Creating extension directory /home/jq/.cache/torch_extensions/py38_cu121/gymtorch...
Emitting ninja build file /home/jq/.cache/torch_extensions/py38_cu121/gymtorch/build.ninja...
Building extension module gymtorch...
Allowing ninja to set a default number of workers... (overridable by setting the environment variable MAX_JOBS=N)
[1/2] c++ -MMD -MF gymtorch.o.d -DTORCH_EXTENSION_NAME=gymtorch -DTORCH_API_INCLUDE_EXTENSION_H -DPYBIND11_COMPILER_TYPE=\"_gcc\" -DPYBIND11_STDLIB=\"_libstdcpp\" -DPYBIND11_BUILD_ABI=\"_cxxabi1011\" -isystem /home/jq/miniconda3/envs/parkour/lib/python3.8/site-packages/torch/include -isystem /home/jq/miniconda3/envs/parkour/lib/python3.8/site-packages/torch/include/torch/csrc/api/include -isystem /home/jq/miniconda3/envs/parkour/lib/python3.8/site-packages/torch/include/TH -isystem /home/jq/miniconda3/envs/parkour/lib/python3.8/site-packages/torch/include/THC -isystem /home/jq/miniconda3/envs/parkour/include/python3.8 -D_GLIBCXX_USE_CXX11_ABI=0 -fPIC -std=c++17 -DTORCH_MAJOR=2 -DTORCH_MINOR=4 -c /home/jq/repos/project-extreme-parkour/extreme-parkour/isaacgym/python/isaacgym/_bindings/src/gymtorch/gymtorch.cpp -o gymtorch.o 
[2/2] c++ gymtorch.o -shared -L/home/jq/miniconda3/envs/parkour/lib/python3.8/site-packages/torch/lib -lc10 -ltorch_cpu -ltorch -ltorch_python -o gymtorch.so
Loading extension module gymtorch...
Traceback (most recent call last):
  File "smoke_train_ttc.py", line 8, in <module>
    from legged_gym.envs import *  # noqa: F401,F403
  File "/home/jq/repos/project-extreme-parkour/extreme-parkour/legged_gym/legged_gym/envs/__init__.py", line 33, in <module>
    from .base.legged_robot import LeggedRobot
  File "/home/jq/repos/project-extreme-parkour/extreme-parkour/legged_gym/legged_gym/envs/base/legged_robot.py", line 46, in <module>
    from legged_gym.utils.terrain import Terrain
  File "/home/jq/repos/project-extreme-parkour/extreme-parkour/legged_gym/legged_gym/utils/__init__.py", line 32, in <module>
    from .task_registry import task_registry
  File "/home/jq/repos/project-extreme-parkour/extreme-parkour/legged_gym/legged_gym/utils/task_registry.py", line 38, in <module>
    from rsl_rl.env import VecEnv
ModuleNotFoundError: No module named 'rsl_rl.env'
